<?xml version="1.0" encoding="UTF-8"?>
<!-- Generated by org.testng.reporters.JUnitReportReporter -->
<testsuite skipped="0" hostname="PC-20171021RSMW" name="com.fihdqa.testng.Test1" tests="3" failures="0" timestamp="10 六月 2019 14:10:41 GMT" time="0.044" errors="0">
  <testcase name="testPrintMessage" time="0.001" classname="com.fihdqa.testng.Test1"/>
  <testcase name="testPrintMessage" time="0.042" classname="com.fihdqa.testng.Test1"/>
  <testcase name="testPrintMessage" time="0.001" classname="com.fihdqa.testng.Test1"/>
</testsuite> <!-- com.fihdqa.testng.Test1 -->
