<?xml version="1.0" encoding="UTF-8"?>
<!-- Generated by org.testng.reporters.JUnitReportReporter -->
<testsuite skipped="0" hostname="PC-20171021RSMW" name="com.fihdqa.testng.TestNGSimpleTest" tests="1" failures="0" timestamp="29 五月 2019 13:52:19 GMT" time="0.011" errors="0">
  <testcase name="testAdd" time="0.011" classname="com.fihdqa.testng.TestNGSimpleTest"/>
</testsuite> <!-- com.fihdqa.testng.TestNGSimpleTest -->
