<?xml version="1.0" encoding="UTF-8"?>
<!-- Generated by org.testng.reporters.JUnitReportReporter -->
<testsuite skipped="0" hostname="PC-20171021RSMW" name="com.fihdqa.testng.TestngAnnotation" tests="2" failures="0" timestamp="29 五月 2019 15:07:52 GMT" time="0.010" errors="0">
  <testcase name="testCase1" time="0.008" classname="com.fihdqa.testng.TestngAnnotation"/>
  <testcase name="testCase2" time="0.002" classname="com.fihdqa.testng.TestngAnnotation"/>
</testsuite> <!-- com.fihdqa.testng.TestngAnnotation -->
